2026-01-22 14:47:07,326 - payroll_system.utils.database - INFO - Connected to MongoDB via MONGODB_URI
2026-01-22 14:47:07,853 - payroll_system.utils.database - INFO - Database indexes created successfully
2026-01-22 14:47:07,854 - payroll_system.main - INFO - Database connected successfully
2026-01-22 14:47:08,005 - payroll_system.repository.employee_repository - ERROR - Error creating employee: isinstance() arg 2 must be a type, a tuple of types, or a union
2026-01-22 14:47:08,005 - payroll_system.main - WARNING - Could not create admin user: Failed to create employee
2026-01-22 14:47:08,086 - payroll_system.repository.master_data_repository - ERROR - Error creating department: isinstance() arg 2 must be a type, a tuple of types, or a union
2026-01-22 14:47:08,172 - payroll_system.repository.master_data_repository - ERROR - Error creating branch: isinstance() arg 2 must be a type, a tuple of types, or a union
2026-01-22 14:47:08,247 - payroll_system.repository.master_data_repository - ERROR - Error creating shift: isinstance() arg 2 must be a type, a tuple of types, or a union
2026-01-22 14:50:23,690 - payroll_system.utils.database - INFO - Disconnected from MongoDB
2026-01-22 14:50:31,139 - payroll_system.utils.database - INFO - Connected to MongoDB via MONGODB_URI
2026-01-22 14:50:31,467 - payroll_system.utils.database - INFO - Database indexes created successfully
2026-01-22 14:50:31,468 - payroll_system.main - INFO - Database connected successfully
2026-01-22 14:50:31,633 - payroll_system.repository.employee_repository - ERROR - Error creating employee: isinstance() arg 2 must be a type, a tuple of types, or a union
2026-01-22 14:50:31,633 - payroll_system.main - WARNING - Default admin created: Failed to create employee
2026-01-22 14:50:31,717 - payroll_system.repository.master_data_repository - ERROR - Error creating department: isinstance() arg 2 must be a type, a tuple of types, or a union
2026-01-22 14:50:31,814 - payroll_system.repository.master_data_repository - ERROR - Error creating branch: isinstance() arg 2 must be a type, a tuple of types, or a union
2026-01-22 14:50:31,895 - payroll_system.repository.master_data_repository - ERROR - Error creating shift: isinstance() arg 2 must be a type, a tuple of types, or a union
2026-01-22 14:50:49,193 - payroll_system.utils.database - INFO - Disconnected from MongoDB
2026-01-22 15:00:33,081 - payroll_system.utils.database - INFO - Connected to MongoDB via MONGODB_URI
2026-01-22 15:00:33,414 - payroll_system.utils.database - INFO - Database indexes created successfully
2026-01-22 15:00:33,415 - payroll_system.main - INFO - Database connected successfully
2026-01-22 15:00:33,564 - payroll_system.repository.employee_repository - ERROR - Error creating employee: isinstance() arg 2 must be a type, a tuple of types, or a union
2026-01-22 15:00:33,564 - payroll_system.main - WARNING - Default admin created: Failed to create employee
2026-01-22 15:00:33,644 - payroll_system.repository.master_data_repository - ERROR - Error creating department: isinstance() arg 2 must be a type, a tuple of types, or a union
2026-01-22 15:00:33,705 - payroll_system.repository.master_data_repository - ERROR - Error creating branch: isinstance() arg 2 must be a type, a tuple of types, or a union
2026-01-22 15:00:33,783 - payroll_system.repository.master_data_repository - ERROR - Error creating shift: isinstance() arg 2 must be a type, a tuple of types, or a union
2026-01-22 15:02:12,292 - payroll_system.utils.database - INFO - Connected to MongoDB via MONGODB_URI
2026-01-22 15:02:12,639 - payroll_system.utils.database - INFO - Database indexes created successfully
2026-01-22 15:02:12,639 - payroll_system.main - INFO - Database connected successfully
2026-01-22 15:02:12,892 - payroll_system.repository.employee_repository - INFO - Created employee: ADMIN001
2026-01-22 15:02:12,892 - payroll_system.main - INFO - Default admin created: Employee created successfully
2026-01-22 15:03:06,348 - payroll_system.utils.database - INFO - Disconnected from MongoDB
2026-01-22 15:27:42,398 - payroll_system.utils.database - INFO - Connected to MongoDB via MONGODB_URI
2026-01-22 15:27:42,748 - payroll_system.utils.database - INFO - Database indexes created successfully
2026-01-22 15:27:42,748 - payroll_system.main - INFO - Database connected successfully
2026-01-22 15:27:42,842 - payroll_system.main - INFO - Default admin already exists
2026-01-22 15:29:11,680 - payroll_system.utils.database - INFO - Disconnected from MongoDB
